<?xml version="1.0" encoding="UTF-8" standalone="no"?>
<testsuite errors="0" failures="0" name="io.cucumber.core.plugin.JUnitFormatter" skipped="0" tests="3" time="52.609">
    <testcase classname="Orange HRM" name="Login Functionality with scenatio outline" time="19.557">
        <system-out>
            <![CDATA[Given : User is on login page...............................................passed
When : User enters Admin and admin123.......................................passed
And : clicks on Login button................................................passed
Then : User should be able to login successfuly.............................passed
]]>
        </system-out>
    </testcase>
    <testcase classname="Orange HRM" name="Login Functionality with scenatio outline 2" time="15.117">
        <system-out>
            <![CDATA[Given : User is on login page...............................................passed
When : User enters test and test1...........................................passed
And : clicks on Login button................................................passed
Then : User should be able to login successfuly.............................passed
]]>
        </system-out>
    </testcase>
    <testcase classname="Orange HRM" name="Login Functionality with scenatio outline 3" time="17.751">
        <system-out>
            <![CDATA[Given : User is on login page...............................................passed
When : User enters Admin and admin123.......................................passed
And : clicks on Login button................................................passed
Then : User should be able to login successfuly.............................passed
]]>
        </system-out>
    </testcase>
</testsuite>
