<?xml version="1.0" encoding="UTF-8"?>
<!-- Generated by org.testng.reporters.JUnitReportReporter -->
<testsuite hostname="LAPTOP-3KP2H9L8" failures="0" tests="3" name="MyRunner.TestRunner" time="52.554" errors="0" timestamp="2021-10-07T20:22:50 IST" skipped="0">
  <testcase classname="MyRunner.TestRunner" name="runScenario" time="15.121"/>
  <system-out/>
  <testcase classname="MyRunner.TestRunner" name="runScenario" time="19.676"/>
  <system-out/>
  <testcase classname="MyRunner.TestRunner" name="runScenario" time="17.757"/>
  <system-out/>
</testsuite> <!-- MyRunner.TestRunner -->
